\BOOKMARK [0][]{titlepage.0}{\376\377\142\111\230\165}{}% 1
\BOOKMARK [0][]{origtitle.0}{\376\377\123\237\122\033\140\047\130\360\146\016}{}% 2
\BOOKMARK [0][]{authtitle.0}{\376\377\162\110\147\103\117\177\165\050\143\210\147\103\116\146}{}% 3
\BOOKMARK [0][]{abstract.0}{\376\377\144\130\211\201}{}% 4
\BOOKMARK [0][]{toc.0}{\376\377\166\356\137\125}{}% 5
\BOOKMARK [0][]{lof.0}{\376\377\143\322\126\376\175\042\137\025}{}% 6
\BOOKMARK [0][]{lot.0}{\376\377\210\150\150\074\175\042\137\025}{}% 7
\BOOKMARK [0][]{loa.0}{\376\377\173\227\154\325\175\042\137\025}{}% 8
\BOOKMARK [0][]{nomenclature.0}{\376\377\116\073\211\201\173\046\123\367\133\371\161\147\210\150}{}% 9
\BOOKMARK [0][]{chapter.1}{\376\377\173\054\116\000\172\340\000\040\176\352\213\272}{}% 10
\BOOKMARK [1][-]{section.1.1}{\376\377\0001\000.\0001\000\040\170\024\172\166\200\314\146\157\124\214\141\017\116\111}{chapter.1}% 11
\BOOKMARK [1][-]{section.1.2}{\376\377\0001\000.\0002\000\040\126\375\121\205\131\026\170\024\172\166\163\260\162\266}{chapter.1}% 12
\BOOKMARK [1][-]{section.1.3}{\376\377\0001\000.\0003\000\040\170\024\172\166\121\205\133\271\124\214\122\033\145\260\160\271}{chapter.1}% 13
\BOOKMARK [1][-]{section.1.4}{\376\377\0001\000.\0004\000\040\172\340\202\202\133\211\143\222}{chapter.1}% 14
\BOOKMARK [0][]{chapter.2}{\376\377\173\054\116\214\172\340\000\040\213\355\227\363\217\154\143\142\174\373\176\337}{}% 15
\BOOKMARK [1][-]{section.2.1}{\376\377\0002\000.\0001\000\040\151\202\217\360}{chapter.2}% 16
\BOOKMARK [1][-]{section.2.2}{\376\377\0002\000.\0002\000\040\213\355\227\363\122\006\147\220\124\214\124\010\142\020\145\271\154\325}{chapter.2}% 17
\BOOKMARK [2][-]{subsection.2.2.1}{\376\377\0002\000.\0002\000.\0001\000\040\156\220\156\344\154\342\126\150\152\041\127\213}{section.2.2}% 18
\BOOKMARK [2][-]{subsection.2.2.2}{\376\377\0002\000.\0002\000.\0002\000\040\145\160\133\127\117\341\123\367\130\360\170\001\126\150}{section.2.2}% 19
\BOOKMARK [2][-]{subsection.2.2.3}{\376\377\0002\000.\0002\000.\0003\000\040\171\136\176\317\177\121\176\334\130\360\170\001\126\150}{section.2.2}% 20
\BOOKMARK [1][-]{section.2.3}{\376\377\0002\000.\0003\000\040\162\171\137\201\133\371\237\120}{chapter.2}% 21
\BOOKMARK [1][-]{section.2.4}{\376\377\0002\000.\0004\000\040\130\360\133\146\162\171\137\201\217\154\143\142\145\271\154\325}{chapter.2}% 22
\BOOKMARK [2][-]{subsection.2.4.1}{\376\377\0002\000.\0004\000.\0001\000\040\155\367\124\010\232\330\145\257\152\041\127\213\154\325}{section.2.4}% 23
\BOOKMARK [2][-]{subsection.2.4.2}{\376\377\0002\000.\0004\000.\0002\000\040\170\001\147\054\146\040\134\004\154\325}{section.2.4}% 24
\BOOKMARK [2][-]{subsection.2.4.3}{\376\377\0002\000.\0004\000.\0003\000\040\230\221\163\207\137\057\142\230\154\325}{section.2.4}% 25
\BOOKMARK [2][-]{subsection.2.4.4}{\376\377\0002\000.\0004\000.\0004\000\040\171\136\176\317\177\121\176\334\154\325}{section.2.4}% 26
\BOOKMARK [1][-]{section.2.5}{\376\377\0002\000.\0005\000\040\227\365\137\213\217\154\143\142}{chapter.2}% 27
\BOOKMARK [2][-]{subsection.2.5.1}{\376\377\0002\000.\0005\000.\0001\000\040\127\372\230\221\217\154\143\142}{section.2.5}% 28
\BOOKMARK [2][-]{subsection.2.5.2}{\376\377\0002\000.\0005\000.\0002\000\040\145\366\225\177\217\154\143\142}{section.2.5}% 29
\BOOKMARK [1][-]{section.2.6}{\376\377\0002\000.\0006\000\040\147\054\172\340\134\017\176\323}{chapter.2}% 30
\BOOKMARK [0][]{chapter.3}{\376\377\173\054\116\011\172\340\000\040\227\136\136\163\210\114\213\355\145\231\166\204\213\355\227\363\217\154\143\142}{}% 31
\BOOKMARK [1][-]{section.3.1}{\376\377\0003\000.\0001\000\040\137\025\212\000}{chapter.3}% 32
\BOOKMARK [1][-]{section.3.2}{\376\377\0003\000.\0002\000\040\227\136\136\163\210\114\213\355\145\231\213\355\227\363\217\154\143\142\151\202\217\360}{chapter.3}% 33
\BOOKMARK [1][-]{section.3.3}{\376\377\0003\000.\0003\000\040\136\070\211\301\162\171\137\201\217\154\143\142\145\271\154\325}{chapter.3}% 34
\BOOKMARK [2][-]{subsection.3.3.1}{\376\377\0003\000.\0003\000.\0001\000\040\227\363\175\040\124\016\232\214\151\202\163\207\126\376\154\325}{section.3.3}% 35
\BOOKMARK [2][-]{subsection.3.3.2}{\376\377\0003\000.\0003\000.\0002\000\040\133\371\142\227\213\255\176\303\154\325}{section.3.3}% 36
\BOOKMARK [2][-]{subsection.3.3.3}{\376\377\0003\000.\0003\000.\0003\000\040\123\330\122\006\201\352\177\026\170\001\126\150\154\325}{section.3.3}% 37
\BOOKMARK [1][-]{section.3.4}{\376\377\0003\000.\0004\000\040\127\372\116\216\000C\000y\000c\000l\000e\000G\000A\000N\166\204\213\355\227\363\217\154\143\142\145\271\154\325}{chapter.3}% 38
\BOOKMARK [2][-]{subsection.3.4.1}{\376\377\0003\000.\0004\000.\0001\000\040\133\371\120\166\133\146\116\140\151\202\217\360}{section.3.4}% 39
\BOOKMARK [2][-]{subsection.3.4.2}{\376\377\0003\000.\0004\000.\0002\000\040\165\037\142\020\133\371\142\227\177\121\176\334\173\200\116\313}{section.3.4}% 40
\BOOKMARK [2][-]{subsection.3.4.3}{\376\377\0003\000.\0004\000.\0003\000\040\000C\000y\000c\000l\000e\000G\000A\000N\177\121\176\334\166\204\213\255\176\303}{section.3.4}% 41
\BOOKMARK [2][-]{subsection.3.4.4}{\376\377\0003\000.\0004\000.\0004\000\040\225\350\143\247\123\167\171\357\177\121\176\334\124\214\216\253\116\375\143\137\131\061}{section.3.4}% 42
\BOOKMARK [1][-]{section.3.5}{\376\377\0003\000.\0005\000\040\147\054\172\340\134\017\176\323}{chapter.3}% 43
\BOOKMARK [0][]{chapter.4}{\376\377\173\054\126\333\172\340\000\040\127\372\116\216\123\112\117\030\123\026\000C\000y\000c\000l\000e\000G\000A\000N\166\204\227\136\136\163\210\114\213\355\145\231\213\355\227\363\217\154\143\142}{}% 44
\BOOKMARK [1][-]{section.4.1}{\376\377\0004\000.\0001\000\040\137\025\212\000}{chapter.4}% 45
\BOOKMARK [1][-]{section.4.2}{\376\377\0004\000.\0002\000\040\127\372\116\216\150\205\134\024\230\221\214\061\000W\000a\000v\000e\000N\000e\000t\166\204\136\163\210\114\213\355\145\231\213\355\227\363\217\154\143\142}{chapter.4}% 46
\BOOKMARK [2][-]{subsection.4.2.1}{\376\377\0004\000.\0002\000.\0001\000\040\000W\000a\000v\000e\000N\000e\000t\130\360\170\001\126\150}{section.4.2}% 47
\BOOKMARK [2][-]{subsection.4.2.2}{\376\377\0004\000.\0002\000.\0002\000\040\150\205\134\024\230\221\214\061\162\171\137\201\217\154\143\142}{section.4.2}% 48
\BOOKMARK [1][-]{section.4.3}{\376\377\0004\000.\0003\000\040\127\372\116\216\123\112\117\030\123\026\000C\000y\000c\000l\000e\000G\000A\000N\166\204\227\136\136\163\210\114\213\355\145\231\213\355\227\363\217\154\143\142\174\373\176\337}{chapter.4}% 49
\BOOKMARK [2][-]{subsection.4.3.1}{\376\377\0004\000.\0003\000.\0001\000\040\123\112\117\030\123\026\124\150\147\037\116\000\201\364\140\047\165\037\142\020\133\371\142\227\177\121\176\334}{section.4.3}% 50
\BOOKMARK [2][-]{subsection.4.3.2}{\376\377\0004\000.\0003\000.\0002\000\040\127\372\230\221\217\205\122\251\162\171\137\201}{section.4.3}% 51
\BOOKMARK [1][-]{section.4.4}{\376\377\0004\000.\0004\000\040\133\236\232\214\122\006\147\220}{chapter.4}% 52
\BOOKMARK [2][-]{subsection.4.4.1}{\376\377\0004\000.\0004\000.\0001\000\040\133\236\232\214\221\115\177\156}{section.4.4}% 53
\BOOKMARK [2][-]{subsection.4.4.2}{\376\377\0004\000.\0004\000.\0002\000\040\133\242\211\302\213\304\155\113}{section.4.4}% 54
\BOOKMARK [1][-]{section.4.5}{\376\377\0004\000.\0005\000\040\116\073\211\302\213\304\155\113}{chapter.4}% 55
\BOOKMARK [1][-]{section.4.6}{\376\377\0004\000.\0006\000\040\147\054\172\340\134\017\176\323}{chapter.4}% 56
\BOOKMARK [0][]{chapter.5}{\376\377\173\054\116\224\172\340\000\040\127\372\116\216\213\364\213\335\116\272\162\171\137\201\166\204\215\350\213\355\171\315\213\355\227\363\217\154\143\142\117\030\123\026\145\271\154\325}{}% 57
\BOOKMARK [1][-]{section.5.1}{\376\377\0005\000.\0001\000\040\137\025\212\000}{chapter.5}% 58
\BOOKMARK [1][-]{section.5.2}{\376\377\0005\000.\0002\000\040\215\350\213\355\171\315\213\355\227\363\217\154\143\142}{chapter.5}% 59
\BOOKMARK [2][-]{subsection.5.2.1}{\376\377\0005\000.\0002\000.\0001\000\040\215\350\213\355\171\315\213\355\227\363\217\154\143\142\151\202\217\360}{section.5.2}% 60
\BOOKMARK [2][-]{subsection.5.2.2}{\376\377\0005\000.\0002\000.\0002\000\040\215\350\213\355\171\315\213\355\227\363\217\154\143\142\166\204\226\276\160\271}{section.5.2}% 61
\BOOKMARK [1][-]{section.5.3}{\376\377\0005\000.\0003\000\040\213\364\213\335\116\272\213\306\122\053}{chapter.5}% 62
\BOOKMARK [2][-]{subsection.5.3.1}{\376\377\0005\000.\0003\000.\0001\000\040\213\364\213\335\116\272\213\306\122\053\151\202\217\360}{section.5.3}% 63
\BOOKMARK [2][-]{subsection.5.3.2}{\376\377\0005\000.\0003\000.\0002\000\040\000d\000-\000v\000e\000c\000t\000o\000r\213\364\213\335\116\272\162\171\137\201}{section.5.3}% 64
\BOOKMARK [1][-]{section.5.4}{\376\377\0005\000.\0004\000\040\137\025\121\145\213\364\213\335\116\272\162\171\137\201\166\204\215\350\213\355\171\315\213\355\227\363\217\154\143\142}{chapter.5}% 65
\BOOKMARK [2][-]{subsection.5.4.1}{\376\377\0005\000.\0004\000.\0001\000\040\000d\000-\000v\000e\000c\000t\000o\000r\143\320\123\326\126\150\124\214\000C\000y\000c\000l\000e\000G\000A\000N\166\204\176\323\124\010}{section.5.4}% 66
\BOOKMARK [2][-]{subsection.5.4.2}{\376\377\0005\000.\0004\000.\0002\000\040\213\355\171\315\145\340\121\163\166\204\000d\000-\000v\000e\000c\000t\000o\000r\143\320\123\326\126\150\213\255\176\303}{section.5.4}% 67
\BOOKMARK [1][-]{section.5.5}{\376\377\0005\000.\0005\000\040\133\236\232\214\122\006\147\220}{chapter.5}% 68
\BOOKMARK [2][-]{subsection.5.5.1}{\376\377\0005\000.\0005\000.\0001\000\040\133\236\232\214\221\115\177\156}{section.5.5}% 69
\BOOKMARK [2][-]{subsection.5.5.2}{\376\377\0005\000.\0005\000.\0002\000\040\133\242\211\302\133\236\232\214}{section.5.5}% 70
\BOOKMARK [2][-]{subsection.5.5.3}{\376\377\0005\000.\0005\000.\0003\000\040\116\073\211\302\133\236\232\214}{section.5.5}% 71
\BOOKMARK [1][-]{section.5.6}{\376\377\0005\000.\0006\000\040\147\054\172\340\134\017\176\323}{chapter.5}% 72
\BOOKMARK [0][]{chapter*.38}{\376\377\121\150\145\207\140\073\176\323}{}% 73
\BOOKMARK [0][]{appendix*.39}{\376\377\000M\000a\000x\000w\000e\000l\000l\000\040\000E\000q\000u\000a\000t\000i\000o\000n\000s}{}% 74
\BOOKMARK [0][]{appendix*.40}{\376\377\176\330\122\066\155\101\172\013\126\376}{}% 75
\BOOKMARK [0][]{appendix*.42}{\376\377\123\302\200\003\145\207\163\056}{}% 76
\BOOKMARK [0][]{appendix*.43}{\376\377\201\364\214\042}{}% 77
\BOOKMARK [0][]{appendix*.44}{\376\377\145\073\213\373\170\125\130\353\133\146\117\115\147\037\225\364\135\362\123\321\210\150\142\026\137\125\165\050\166\204\213\272\145\207}{}% 78
\BOOKMARK [0][]{appendix*.45}{\376\377\145\073\213\373\170\125\130\353\133\146\117\115\147\037\225\364\123\302\116\016\166\204\230\171\166\356}{}% 79
\BOOKMARK [0][]{appendix*.46}{\376\377\145\073\213\373\170\125\130\353\133\146\117\115\147\037\225\364\165\063\213\367\166\204\116\023\122\051}{}% 80
\BOOKMARK [0][]{appendix*.47}{\376\377\173\200\123\206}{}% 81
